<?xml version="1.0" encoding="UTF-8"?>
<!-- Generated by org.testng.reporters.JUnitXMLReporter -->
<testsuite hostname="SHI58495EU1003F" name="TestName" tests="3" failures="0" timestamp="29 Jul 2017 12:32:53 GMT" time="79.27" errors="0">
  <testcase name="method1" time="18.036" classname="DataProvider.GroupLevelDataProvider"/>
  <testcase name="method1" time="41.728" classname="DataProvider.GroupLevelDataProvider"/>
  <testcase name="method1" time="19.484" classname="DataProvider.GroupLevelDataProvider"/>
</testsuite> <!-- TestName -->
