<?xml version="1.0" encoding="UTF-8"?>
<!-- Generated by org.testng.reporters.JUnitXMLReporter -->
<testsuite hostname="SHI58495EU1003F" name="DataProviderTest" tests="3" failures="1" timestamp="29 Jul 2017 11:47:50 GMT" time="46.393" errors="0">
  <testcase name="wstart" time="16.034" classname="DataProvider.SampleDataProvider">
    <failure type="org.openqa.selenium.WebDriverException" message="Element is not clickable at point (415, 411). Other element would receive the click: &amp;lt;div class=&amp;quot;sbqs_c&amp;quot;&amp;gt;&amp;lt;/div&amp;gt;
Command duration or timeout: 114 milliseconds
Build info: version: &amp;apos;2.53.1&amp;apos;, revision: &amp;apos;a36b8b1&amp;apos;, time: &amp;apos;2016-06-30 17:37:03&amp;apos;
System info: host: &amp;apos;SHI58495EU1003F&amp;apos;, ip: &amp;apos;192.168.0.102&amp;apos;, os.name: &amp;apos;Windows 7&amp;apos;, os.arch: &amp;apos;amd64&amp;apos;, os.version: &amp;apos;6.1&amp;apos;, java.version: &amp;apos;1.8.0_66&amp;apos;
Driver info: org.openqa.selenium.firefox.FirefoxDriver
Capabilities [{applicationCacheEnabled=true, rotatable=false, handlesAlerts=true, databaseEnabled=true, version=41.0.2, platform=WINDOWS, nativeEvents=false, acceptSslCerts=true, webStorageEnabled=true, locationContextEnabled=true, browserName=firefox, takesScreenshot=true, javascriptEnabled=true, cssSelectorsEnabled=true}]
Session ID: 2c10e0d4-e125-498e-b26a-0c15bb93f5d2">
      <![CDATA[org.openqa.selenium.WebDriverException: Element is not clickable at point (415, 411). Other element would receive the click: <div class="sbqs_c"></div>
Command duration or timeout: 114 milliseconds
Build info: version: '2.53.1', revision: 'a36b8b1', time: '2016-06-30 17:37:03'
System info: host: 'SHI58495EU1003F', ip: '192.168.0.102', os.name: 'Windows 7', os.arch: 'amd64', os.version: '6.1', java.version: '1.8.0_66'
Driver info: org.openqa.selenium.firefox.FirefoxDriver
Capabilities [{applicationCacheEnabled=true, rotatable=false, handlesAlerts=true, databaseEnabled=true, version=41.0.2, platform=WINDOWS, nativeEvents=false, acceptSslCerts=true, webStorageEnabled=true, locationContextEnabled=true, browserName=firefox, takesScreenshot=true, javascriptEnabled=true, cssSelectorsEnabled=true}]
Session ID: 2c10e0d4-e125-498e-b26a-0c15bb93f5d2
	at org.openqa.selenium.remote.ErrorHandler.createThrowable(ErrorHandler.java:206)
	at org.openqa.selenium.remote.ErrorHandler.throwIfResponseFailed(ErrorHandler.java:158)
	at org.openqa.selenium.remote.RemoteWebDriver.execute(RemoteWebDriver.java:678)
	at org.openqa.selenium.remote.RemoteWebElement.execute(RemoteWebElement.java:327)
	at org.openqa.selenium.remote.RemoteWebElement.click(RemoteWebElement.java:85)
	at DataProvider.SampleDataProvider.wstart(SampleDataProvider.java:20)
... Removed 28 stack frames]]>
    </failure>
  </testcase> <!-- wstart -->
  <testcase name="wstart" time="15.043" classname="DataProvider.SampleDataProvider"/>
  <testcase name="wstart" time="15.283" classname="DataProvider.SampleDataProvider"/>
</testsuite> <!-- DataProviderTest -->
