<?xml version="1.0" encoding="UTF-8"?>
<testng-results skipped="0" failed="0" total="4" passed="4">
  <reporter-output>
  </reporter-output>
  <suite name="ReportNG" duration-ms="317" started-at="2018-01-15T11:13:47Z" finished-at="2018-01-15T11:13:47Z">
    <groups>
    </groups>
    <test name="classTest1" duration-ms="65" started-at="2018-01-15T11:13:47Z" finished-at="2018-01-15T11:13:47Z">
      <class name="reportNg.REportNg">
        <test-method status="PASS" signature="firstTest()[pri:0, instance:reportNg.REportNg@6276ae34]" name="firstTest" duration-ms="33" started-at="2018-01-15T16:43:47Z" finished-at="2018-01-15T16:43:47Z">
          <reporter-output>
          </reporter-output>
        </test-method> <!-- firstTest -->
        <test-method status="PASS" signature="secondTest()[pri:0, instance:reportNg.REportNg@6276ae34]" name="secondTest" duration-ms="1" started-at="2018-01-15T16:43:47Z" finished-at="2018-01-15T16:43:47Z">
          <reporter-output>
          </reporter-output>
        </test-method> <!-- secondTest -->
      </class> <!-- reportNg.REportNg -->
    </test> <!-- classTest1 -->
    <test name="classTest2" duration-ms="8" started-at="2018-01-15T11:13:47Z" finished-at="2018-01-15T11:13:47Z">
      <class name="reportNg.REportNg2">
        <test-method status="PASS" signature="firstTest()[pri:0, instance:reportNg.REportNg2@5f375618]" name="firstTest" duration-ms="1" started-at="2018-01-15T16:43:47Z" finished-at="2018-01-15T16:43:47Z">
          <reporter-output>
          </reporter-output>
        </test-method> <!-- firstTest -->
        <test-method status="PASS" signature="secondTest()[pri:0, instance:reportNg.REportNg2@5f375618]" name="secondTest" duration-ms="2" started-at="2018-01-15T16:43:47Z" finished-at="2018-01-15T16:43:47Z">
          <reporter-output>
          </reporter-output>
        </test-method> <!-- secondTest -->
      </class> <!-- reportNg.REportNg2 -->
    </test> <!-- classTest2 -->
  </suite> <!-- ReportNG -->
</testng-results>
